[15:10:29] [main/DEBUG] [FML/]: Injecting tracing printstreams for STDOUT/STDERR.
[15:10:29] [main/INFO] [FML/]: Forge Mod Loader version 12.18.1.2081 for Minecraft 1.10.2 loading
[15:10:29] [main/INFO] [FML/]: Java is Java HotSpot(TM) 64-Bit Server VM, version 1.8.0_102, running on Linux:amd64:3.19.0-32-generic, installed at /usr/lib/jvm/jdk1.8.0_102/jre
[15:10:29] [main/DEBUG] [FML/]: Java classpath at launch is /home/nupa/Documents/minecraft/SKCraft/workspace/.modpacks/staging/launcher/libraries/net/minecraftforge/forge/1.10.2-12.18.1.2081/forge-1.10.2-12.18.1.2081.jar:/home/nupa/Documents/minecraft/SKCraft/workspace/.modpacks/staging/launcher/libraries/net/minecraft/launchwrapper/1.12/launchwrapper-1.12.jar:/home/nupa/Documents/minecraft/SKCraft/workspace/.modpacks/staging/launcher/libraries/org/ow2/asm/asm-all/5.0.3/asm-all-5.0.3.jar:/home/nupa/Documents/minecraft/SKCraft/workspace/.modpacks/staging/launcher/libraries/jline/jline/2.13/jline-2.13.jar:/home/nupa/Documents/minecraft/SKCraft/workspace/.modpacks/staging/launcher/libraries/com/typesafe/akka/akka-actor_2.11/2.3.3/akka-actor_2.11-2.3.3.jar:/home/nupa/Documents/minecraft/SKCraft/workspace/.modpacks/staging/launcher/libraries/com/typesafe/config/1.2.1/config-1.2.1.jar:/home/nupa/Documents/minecraft/SKCraft/workspace/.modpacks/staging/launcher/libraries/org/scala-lang/scala-actors-migration_2.11/1.1.0/scala-actors-migration_2.11-1.1.0.jar:/home/nupa/Documents/minecraft/SKCraft/workspace/.modpacks/staging/launcher/libraries/org/scala-lang/scala-compiler/2.11.1/scala-compiler-2.11.1.jar:/home/nupa/Documents/minecraft/SKCraft/workspace/.modpacks/staging/launcher/libraries/org/scala-lang/plugins/scala-continuations-library_2.11/1.0.2/scala-continuations-library_2.11-1.0.2.jar:/home/nupa/Documents/minecraft/SKCraft/workspace/.modpacks/staging/launcher/libraries/org/scala-lang/plugins/scala-continuations-plugin_2.11.1/1.0.2/scala-continuations-plugin_2.11.1-1.0.2.jar:/home/nupa/Documents/minecraft/SKCraft/workspace/.modpacks/staging/launcher/libraries/org/scala-lang/scala-library/2.11.1/scala-library-2.11.1.jar:/home/nupa/Documents/minecraft/SKCraft/workspace/.modpacks/staging/launcher/libraries/org/scala-lang/scala-parser-combinators_2.11/1.0.1/scala-parser-combinators_2.11-1.0.1.jar:/home/nupa/Documents/minecraft/SKCraft/workspace/.modpacks/staging/launcher/libraries/org/scala-lang/scala-reflect/2.11.1/scala-reflect-2.11.1.jar:/home/nupa/Documents/minecraft/SKCraft/workspace/.modpacks/staging/launcher/libraries/org/scala-lang/scala-swing_2.11/1.0.1/scala-swing_2.11-1.0.1.jar:/home/nupa/Documents/minecraft/SKCraft/workspace/.modpacks/staging/launcher/libraries/org/scala-lang/scala-xml_2.11/1.0.2/scala-xml_2.11-1.0.2.jar:/home/nupa/Documents/minecraft/SKCraft/workspace/.modpacks/staging/launcher/libraries/lzma/lzma/0.0.1/lzma-0.0.1.jar:/home/nupa/Documents/minecraft/SKCraft/workspace/.modpacks/staging/launcher/libraries/java3d/vecmath/1.5.2/vecmath-1.5.2.jar:/home/nupa/Documents/minecraft/SKCraft/workspace/.modpacks/staging/launcher/libraries/net/sf/trove4j/trove4j/3.0.3/trove4j-3.0.3.jar:/home/nupa/Documents/minecraft/SKCraft/workspace/.modpacks/staging/launcher/libraries/com/mojang/netty/1.6/netty-1.6.jar:/home/nupa/Documents/minecraft/SKCraft/workspace/.modpacks/staging/launcher/libraries/oshi-project/oshi-core/1.1/oshi-core-1.1.jar:/home/nupa/Documents/minecraft/SKCraft/workspace/.modpacks/staging/launcher/libraries/net/java/dev/jna/jna/3.4.0/jna-3.4.0.jar:/home/nupa/Documents/minecraft/SKCraft/workspace/.modpacks/staging/launcher/libraries/net/java/dev/jna/platform/3.4.0/platform-3.4.0.jar:/home/nupa/Documents/minecraft/SKCraft/workspace/.modpacks/staging/launcher/libraries/com/ibm/icu/icu4j-core-mojang/51.2/icu4j-core-mojang-51.2.jar:/home/nupa/Documents/minecraft/SKCraft/workspace/.modpacks/staging/launcher/libraries/net/sf/jopt-simple/jopt-simple/4.6/jopt-simple-4.6.jar:/home/nupa/Documents/minecraft/SKCraft/workspace/.modpacks/staging/launcher/libraries/com/paulscode/codecjorbis/20101023/codecjorbis-20101023.jar:/home/nupa/Documents/minecraft/SKCraft/workspace/.modpacks/staging/launcher/libraries/com/paulscode/codecwav/20101023/codecwav-20101023.jar:/home/nupa/Documents/minecraft/SKCraft/workspace/.modpacks/staging/launcher/libraries/com/paulscode/libraryjavasound/20101123/libraryjavasound-20101123.jar:/home/nupa/Documents/minecraft/SKCraft/workspace/.modpacks/staging/launcher/libraries/com/paulscode/librarylwjglopenal/20100824/librarylwjglopenal-20100824.jar:/home/nupa/Documents/minecraft/SKCraft/workspace/.modpacks/staging/launcher/libraries/com/paulscode/soundsystem/20120107/soundsystem-20120107.jar:/home/nupa/Documents/minecraft/SKCraft/workspace/.modpacks/staging/launcher/libraries/io/netty/netty-all/4.0.23.Final/netty-all-4.0.23.Final.jar:/home/nupa/Documents/minecraft/SKCraft/workspace/.modpacks/staging/launcher/libraries/com/google/guava/guava/17.0/guava-17.0.jar:/home/nupa/Documents/minecraft/SKCraft/workspace/.modpacks/staging/launcher/libraries/org/apache/commons/commons-lang3/3.3.2/commons-lang3-3.3.2.jar:/home/nupa/Documents/minecraft/SKCraft/workspace/.modpacks/staging/launcher/libraries/commons-io/commons-io/2.4/commons-io-2.4.jar:/home/nupa/Documents/minecraft/SKCraft/workspace/.modpacks/staging/launcher/libraries/commons-codec/commons-codec/1.9/commons-codec-1.9.jar:/home/nupa/Documents/minecraft/SKCraft/workspace/.modpacks/staging/launcher/libraries/net/java/jinput/jinput/2.0.5/jinput-2.0.5.jar:/home/nupa/Documents/minecraft/SKCraft/workspace/.modpacks/staging/launcher/libraries/net/java/jutils/jutils/1.0.0/jutils-1.0.0.jar:/home/nupa/Documents/minecraft/SKCraft/workspace/.modpacks/staging/launcher/libraries/com/google/code/gson/gson/2.2.4/gson-2.2.4.jar:/home/nupa/Documents/minecraft/SKCraft/workspace/.modpacks/staging/launcher/libraries/com/mojang/authlib/1.5.22/authlib-1.5.22.jar:/home/nupa/Documents/minecraft/SKCraft/workspace/.modpacks/staging/launcher/libraries/com/mojang/realms/1.9.5/realms-1.9.5.jar:/home/nupa/Documents/minecraft/SKCraft/workspace/.modpacks/staging/launcher/libraries/org/apache/commons/commons-compress/1.8.1/commons-compress-1.8.1.jar:/home/nupa/Documents/minecraft/SKCraft/workspace/.modpacks/staging/launcher/libraries/org/apache/httpcomponents/httpclient/4.3.3/httpclient-4.3.3.jar:/home/nupa/Documents/minecraft/SKCraft/workspace/.modpacks/staging/launcher/libraries/commons-logging/commons-logging/1.1.3/commons-logging-1.1.3.jar:/home/nupa/Documents/minecraft/SKCraft/workspace/.modpacks/staging/launcher/libraries/org/apache/httpcomponents/httpcore/4.3.2/httpcore-4.3.2.jar:/home/nupa/Documents/minecraft/SKCraft/workspace/.modpacks/staging/launcher/libraries/it/unimi/dsi/fastutil/7.0.12_mojang/fastutil-7.0.12_mojang.jar:/home/nupa/Documents/minecraft/SKCraft/workspace/.modpacks/staging/launcher/libraries/org/apache/logging/log4j/log4j-api/2.0-beta9/log4j-api-2.0-beta9.jar:/home/nupa/Documents/minecraft/SKCraft/workspace/.modpacks/staging/launcher/libraries/org/apache/logging/log4j/log4j-core/2.0-beta9/log4j-core-2.0-beta9.jar:/home/nupa/Documents/minecraft/SKCraft/workspace/.modpacks/staging/launcher/libraries/org/lwjgl/lwjgl/lwjgl/2.9.4-nightly-20150209/lwjgl-2.9.4-nightly-20150209.jar:/home/nupa/Documents/minecraft/SKCraft/workspace/.modpacks/staging/launcher/libraries/org/lwjgl/lwjgl/lwjgl_util/2.9.4-nightly-20150209/lwjgl_util-2.9.4-nightly-20150209.jar:/home/nupa/Documents/minecraft/SKCraft/workspace/.modpacks/staging/launcher/versions/1.10.2/1.10.2.jar
[15:10:29] [main/DEBUG] [FML/]: Java library path at launch is /home/nupa/Documents/minecraft/SKCraft/workspace/.modpacks/staging/launcher/temp/extract/1473793826298
[15:10:29] [main/DEBUG] [FML/]: Enabling runtime deobfuscation
[15:10:29] [main/DEBUG] [FML/]: Instantiating coremod class FMLCorePlugin
[15:10:29] [main/DEBUG] [FML/]: Added access transformer class net.minecraftforge.fml.common.asm.transformers.AccessTransformer to enqueued access transformers
[15:10:29] [main/DEBUG] [FML/]: Enqueued coremod FMLCorePlugin
[15:10:29] [main/DEBUG] [FML/]: Instantiating coremod class FMLForgePlugin
[15:10:29] [main/DEBUG] [FML/]: Enqueued coremod FMLForgePlugin
[15:10:29] [main/DEBUG] [FML/]: All fundamental core mods are successfully located
[15:10:29] [main/DEBUG] [FML/]: Attempting to load commandline specified mods, relative to /home/nupa/Documents/minecraft/SKCraft/workspace/.modpacks/staging/launcher/instances/modloafed-monkey-icicle/minecraft
[15:10:29] [main/DEBUG] [FML/]: Discovering coremods
[15:10:29] [main/DEBUG] [FML/]: Examining for coremod candidacy Aroma1997Core-1.9.4-1.1.1.0.jar
[15:10:29] [main/TRACE] [FML/]: Found FMLCorePluginContainsFMLMod marker in Aroma1997Core-1.9.4-1.1.1.0.jar, it will be examined later for regular @Mod instances
[15:10:29] [main/DEBUG] [FML/]: Instantiating coremod class CoreMod
[15:10:29] [main/WARN] [FML/]: The coremod aroma1997.core.coremod.CoreMod does not have a MCVersion annotation, it may cause issues with this version of Minecraft
[15:10:29] [main/DEBUG] [FML/]: Added access transformer class aroma1997.core.coremod.asm.AromaAccessTransformer to enqueued access transformers
[15:10:29] [main/DEBUG] [FML/]: Enqueued coremod CoreMod
[15:10:29] [main/DEBUG] [FML/]: Examining for coremod candidacy AromaBackup-1.9.4-1.0.1.1.jar
[15:10:29] [main/DEBUG] [FML/]: Not found coremod data in AromaBackup-1.9.4-1.0.1.1.jar
[15:10:29] [main/DEBUG] [FML/]: Examining for coremod candidacy AutoRegLib-1.0-2.jar
[15:10:29] [main/DEBUG] [FML/]: Not found coremod data in AutoRegLib-1.0-2.jar
[15:10:29] [main/DEBUG] [FML/]: Examining for coremod candidacy ChestTransporter-1.10.2-2.5.2.jar
[15:10:29] [main/DEBUG] [FML/]: Not found coremod data in ChestTransporter-1.10.2-2.5.2.jar
[15:10:29] [main/DEBUG] [FML/]: Examining for coremod candidacy chiselsandbits-12.1.jar
[15:10:29] [main/DEBUG] [FML/]: Not found coremod data in chiselsandbits-12.1.jar
[15:10:29] [main/DEBUG] [FML/]: Examining for coremod candidacy colorchat-1.10-1.0.38-universal.jar
[15:10:29] [main/DEBUG] [FML/]: Not found coremod data in colorchat-1.10-1.0.38-universal.jar
[15:10:29] [main/DEBUG] [FML/]: Examining for coremod candidacy Ding-1.10.2-1.0.0.jar
[15:10:29] [main/DEBUG] [FML/]: Not found coremod data in Ding-1.10.2-1.0.0.jar
[15:10:29] [main/DEBUG] [FML/]: Examining for coremod candidacy exnihiloomnia-1.0.2.jar
[15:10:29] [main/DEBUG] [FML/]: Not found coremod data in exnihiloomnia-1.0.2.jar
[15:10:29] [main/DEBUG] [FML/]: Examining for coremod candidacy GraveStone Mod 1.5.5.jar
[15:10:29] [main/DEBUG] [FML/]: Not found coremod data in GraveStone Mod 1.5.5.jar
[15:10:29] [main/DEBUG] [FML/]: Examining for coremod candidacy HardcoreDarkness-MC1.9.4-1.8.jar
[15:10:29] [main/TRACE] [FML/]: Found FMLCorePluginContainsFMLMod marker in HardcoreDarkness-MC1.9.4-1.8.jar, it will be examined later for regular @Mod instances
[15:10:29] [main/DEBUG] [FML/]: Instantiating coremod class LoadingPlugin
[15:10:29] [main/WARN] [FML/]: The coremod lumien.hardcoredarkness.asm.LoadingPlugin does not have a MCVersion annotation, it may cause issues with this version of Minecraft
[15:10:29] [main/DEBUG] [FML/]: Enqueued coremod LoadingPlugin
[15:10:29] [main/DEBUG] [FML/]: Examining for coremod candidacy HoloInventory-1.9.4-2.0.2.136.jar
[15:10:29] [main/DEBUG] [FML/]: Not found coremod data in HoloInventory-1.9.4-2.0.2.136.jar
[15:10:29] [main/DEBUG] [FML/]: Examining for coremod candidacy InventoryTweaks-1.61-58.jar
[15:10:29] [main/TRACE] [FML/]: Found FMLCorePluginContainsFMLMod marker in InventoryTweaks-1.61-58.jar, it will be examined later for regular @Mod instances
[15:10:29] [main/DEBUG] [FML/]: Instantiating coremod class FMLPlugin
[15:10:29] [main/WARN] [FML/]: The coremod invtweaks.forge.asm.FMLPlugin does not have a MCVersion annotation, it may cause issues with this version of Minecraft
[15:10:29] [main/DEBUG] [FML/]: Added access transformer class invtweaks.forge.asm.ITAccessTransformer to enqueued access transformers
[15:10:29] [main/DEBUG] [FML/]: Enqueued coremod FMLPlugin
[15:10:29] [main/DEBUG] [FML/]: Examining for coremod candidacy jei_1.10.2-3.9.3.252.jar
[15:10:29] [main/DEBUG] [FML/]: Not found coremod data in jei_1.10.2-3.9.3.252.jar
[15:10:29] [main/DEBUG] [FML/]: Examining for coremod candidacy k4lib-1.10-1.0.58-universal.jar
[15:10:29] [main/DEBUG] [FML/]: Not found coremod data in k4lib-1.10-1.0.58-universal.jar
[15:10:29] [main/DEBUG] [FML/]: Examining for coremod candidacy Morpheus-1.10.2-3.1.7.jar
[15:10:29] [main/DEBUG] [FML/]: Not found coremod data in Morpheus-1.10.2-3.1.7.jar
[15:10:29] [main/DEBUG] [FML/]: Examining for coremod candidacy ProgressiveAutomation-1.10.2-1.6.51.jar
[15:10:29] [main/DEBUG] [FML/]: Not found coremod data in ProgressiveAutomation-1.10.2-1.6.51.jar
[15:10:29] [main/DEBUG] [FML/]: Examining for coremod candidacy Psi-r1.0-39.jar
[15:10:29] [main/DEBUG] [FML/]: Not found coremod data in Psi-r1.0-39.jar
[15:10:29] [main/DEBUG] [FML/]: Examining for coremod candidacy Quark-r1.0-55.jar
[15:10:29] [main/TRACE] [FML/]: Found FMLCorePluginContainsFMLMod marker in Quark-r1.0-55.jar, it will be examined later for regular @Mod instances
[15:10:29] [main/DEBUG] [FML/]: Instantiating coremod class LoadingPlugin
[15:10:29] [main/WARN] [FML/]: The coremod vazkii.quark.base.asm.LoadingPlugin does not have a MCVersion annotation, it may cause issues with this version of Minecraft
[15:10:30] [main/DEBUG] [FML/]: Enqueued coremod LoadingPlugin
[15:10:30] [main/DEBUG] [FML/]: Examining for coremod candidacy RoguelikeDungeons-1.10.2-1.5.4.jar
[15:10:30] [main/DEBUG] [FML/]: Not found coremod data in RoguelikeDungeons-1.10.2-1.5.4.jar
[15:10:30] [main/DEBUG] [FML/]: Examining for coremod candidacy Ruins-1.10.2-sources.jar
[15:10:30] [main/DEBUG] [FML/]: Not found coremod data in Ruins-1.10.2-sources.jar
[15:10:30] [main/DEBUG] [FML/]: Examining for coremod candidacy Ruins-1.10.2.jar
[15:10:30] [main/DEBUG] [FML/]: Not found coremod data in Ruins-1.10.2.jar
[15:10:30] [main/DEBUG] [FML/]: Examining for coremod candidacy Tails-1.10.2-1.8.2.jar
[15:10:30] [main/DEBUG] [FML/]: Not found coremod data in Tails-1.10.2-1.8.2.jar
[15:10:30] [main/INFO] [LaunchWrapper/]: Loading tweak class name net.minecraftforge.fml.common.launcher.FMLInjectionAndSortingTweaker
[15:10:30] [main/INFO] [LaunchWrapper/]: Loading tweak class name net.minecraftforge.fml.common.launcher.FMLDeobfTweaker
[15:10:30] [main/INFO] [LaunchWrapper/]: Calling tweak class net.minecraftforge.fml.common.launcher.FMLInjectionAndSortingTweaker
[15:10:30] [main/INFO] [LaunchWrapper/]: Calling tweak class net.minecraftforge.fml.common.launcher.FMLInjectionAndSortingTweaker
[15:10:30] [main/INFO] [LaunchWrapper/]: Calling tweak class net.minecraftforge.fml.relauncher.CoreModManager$FMLPluginWrapper
[15:10:30] [main/DEBUG] [FML/]: Injecting coremod FMLCorePlugin {net.minecraftforge.fml.relauncher.FMLCorePlugin} class transformers
[15:10:30] [main/TRACE] [FML/]: Registering transformer net.minecraftforge.fml.common.asm.transformers.BlamingTransformer
[15:10:30] [main/TRACE] [FML/]: Registering transformer net.minecraftforge.fml.common.asm.transformers.SideTransformer
[15:10:30] [main/TRACE] [FML/]: Registering transformer net.minecraftforge.fml.common.asm.transformers.EventSubscriptionTransformer
[15:10:30] [main/TRACE] [FML/]: Registering transformer net.minecraftforge.fml.common.asm.transformers.EventSubscriberTransformer
[15:10:30] [main/DEBUG] [FML/]: Injection complete
[15:10:30] [main/DEBUG] [FML/]: Running coremod plugin for FMLCorePlugin {net.minecraftforge.fml.relauncher.FMLCorePlugin}
[15:10:30] [main/DEBUG] [FML/]: Running coremod plugin FMLCorePlugin
